This is pdfTeX, Version 3.141592653-2.6-1.40.25 (TeX Live 2023) (preloaded format=pdflatex 2024.2.3)  6 FEB 2024 00:11
entering extended mode
 restricted \write18 enabled.
 file:line:error style messages enabled.
 %&-line parsing enabled.
**/Users/moonjam/Desktop/學習歷程/engineering_design_learning_portfolio/article
(/Users/moonjam/Desktop/學習歷程/engineering_design_learning_portfolio/article.tex
LaTeX2e <2022-11-01> patch level 1
L3 programming layer <2023-02-22> (/usr/local/texlive/2023basic/texmf-dist/tex/latex/base/article.cls
Document Class: article 2022/07/02 v1.4n Standard LaTeX document class
(/usr/local/texlive/2023basic/texmf-dist/tex/latex/base/size12.clo
File: size12.clo 2022/07/02 v1.4n Standard LaTeX file (size option)
)
\c@part=\count185
\c@section=\count186
\c@subsection=\count187
\c@subsubsection=\count188
\c@paragraph=\count189
\c@subparagraph=\count190
\c@figure=\count191
\c@table=\count192
\abovecaptionskip=\skip48
\belowcaptionskip=\skip49
\bibindent=\dimen140
) (/usr/local/texlive/2023basic/texmf-dist/tex/latex/geometry/geometry.sty
Package: geometry 2020/01/02 v5.9 Page Geometry
 (/usr/local/texlive/2023basic/texmf-dist/tex/latex/graphics/keyval.sty
Package: keyval 2022/05/29 v1.15 key=value parser (DPC)
\KV@toks@=\toks16
) (/usr/local/texlive/2023basic/texmf-dist/tex/generic/iftex/ifvtex.sty
Package: ifvtex 2019/10/25 v1.7 ifvtex legacy package. Use iftex instead.
 (/usr/local/texlive/2023basic/texmf-dist/tex/generic/iftex/iftex.sty
Package: iftex 2022/02/03 v1.0f TeX engine tests
))
\Gm@cnth=\count193
\Gm@cntv=\count194
\c@Gm@tempcnt=\count195
\Gm@bindingoffset=\dimen141
\Gm@wd@mp=\dimen142
\Gm@odd@mp=\dimen143
\Gm@even@mp=\dimen144
\Gm@layoutwidth=\dimen145
\Gm@layoutheight=\dimen146
\Gm@layouthoffset=\dimen147
\Gm@layoutvoffset=\dimen148
\Gm@dimlist=\toks17
) (/usr/local/texlive/2023basic/texmf-dist/tex/latex/amsmath/amsmath.sty
Package: amsmath 2022/04/08 v2.17n AMS math features
\@mathmargin=\skip50

For additional information on amsmath, use the `?' option.
(/usr/local/texlive/2023basic/texmf-dist/tex/latex/amsmath/amstext.sty
Package: amstext 2021/08/26 v2.01 AMS text
 (/usr/local/texlive/2023basic/texmf-dist/tex/latex/amsmath/amsgen.sty
File: amsgen.sty 1999/11/30 v2.0 generic functions
\@emptytoks=\toks18
\ex@=\dimen149
)) (/usr/local/texlive/2023basic/texmf-dist/tex/latex/amsmath/amsbsy.sty
Package: amsbsy 1999/11/29 v1.2d Bold Symbols
\pmbraise@=\dimen150
) (/usr/local/texlive/2023basic/texmf-dist/tex/latex/amsmath/amsopn.sty
Package: amsopn 2022/04/08 v2.04 operator names
)
\inf@bad=\count196
LaTeX Info: Redefining \frac on input line 234.
\uproot@=\count197
\leftroot@=\count198
LaTeX Info: Redefining \overline on input line 399.
LaTeX Info: Redefining \colon on input line 410.
\classnum@=\count199
\DOTSCASE@=\count266
LaTeX Info: Redefining \ldots on input line 496.
LaTeX Info: Redefining \dots on input line 499.
LaTeX Info: Redefining \cdots on input line 620.
\Mathstrutbox@=\box51
\strutbox@=\box52
LaTeX Info: Redefining \big on input line 722.
LaTeX Info: Redefining \Big on input line 723.
LaTeX Info: Redefining \bigg on input line 724.
LaTeX Info: Redefining \Bigg on input line 725.
\big@size=\dimen151
LaTeX Font Info:    Redeclaring font encoding OML on input line 743.
LaTeX Font Info:    Redeclaring font encoding OMS on input line 744.
\macc@depth=\count267
LaTeX Info: Redefining \bmod on input line 905.
LaTeX Info: Redefining \pmod on input line 910.
LaTeX Info: Redefining \smash on input line 940.
LaTeX Info: Redefining \relbar on input line 970.
LaTeX Info: Redefining \Relbar on input line 971.
\c@MaxMatrixCols=\count268
\dotsspace@=\muskip16
\c@parentequation=\count269
\dspbrk@lvl=\count270
\tag@help=\toks19
\row@=\count271
\column@=\count272
\maxfields@=\count273
\andhelp@=\toks20
\eqnshift@=\dimen152
\alignsep@=\dimen153
\tagshift@=\dimen154
\tagwidth@=\dimen155
\totwidth@=\dimen156
\lineht@=\dimen157
\@envbody=\toks21
\multlinegap=\skip51
\multlinetaggap=\skip52
\mathdisplay@stack=\toks22
LaTeX Info: Redefining \[ on input line 2953.
LaTeX Info: Redefining \] on input line 2954.
) (/usr/local/texlive/2023basic/texmf-dist/tex/latex/amsfonts/amssymb.sty
Package: amssymb 2013/01/14 v3.01 AMS font symbols
 (/usr/local/texlive/2023basic/texmf-dist/tex/latex/amsfonts/amsfonts.sty
Package: amsfonts 2013/01/14 v3.01 Basic AMSFonts support
\symAMSa=\mathgroup4
\symAMSb=\mathgroup5
LaTeX Font Info:    Redeclaring math symbol \hbar on input line 98.
LaTeX Font Info:    Overwriting math alphabet `\mathfrak' in version `bold'
(Font)                  U/euf/m/n --> U/euf/b/n on input line 106.
)) (/usr/local/texlive/2023basic/texmf-dist/tex/latex/fancyhdr/fancyhdr.sty
Package: fancyhdr 2022/11/09 v4.1 Extensive control of page headers and footers
\f@nch@headwidth=\skip53
\f@nch@O@elh=\skip54
\f@nch@O@erh=\skip55
\f@nch@O@olh=\skip56
\f@nch@O@orh=\skip57
\f@nch@O@elf=\skip58
\f@nch@O@erf=\skip59
\f@nch@O@olf=\skip60
\f@nch@O@orf=\skip61
) (/usr/local/texlive/2023basic/texmf-dist/tex/latex/graphics/graphicx.sty
Package: graphicx 2021/09/16 v1.2d Enhanced LaTeX Graphics (DPC,SPQR)
 (/usr/local/texlive/2023basic/texmf-dist/tex/latex/graphics/graphics.sty
Package: graphics 2022/03/10 v1.4e Standard LaTeX Graphics (DPC,SPQR)
 (/usr/local/texlive/2023basic/texmf-dist/tex/latex/graphics/trig.sty
Package: trig 2021/08/11 v1.11 sin cos tan (DPC)
) (/usr/local/texlive/2023basic/texmf-dist/tex/latex/graphics-cfg/graphics.cfg
File: graphics.cfg 2016/06/04 v1.11 sample graphics configuration
)
Package graphics Info: Driver file: pdftex.def on input line 107.
 (/usr/local/texlive/2023basic/texmf-dist/tex/latex/graphics-def/pdftex.def
File: pdftex.def 2022/09/22 v1.2b Graphics/color driver for pdftex
))
\Gin@req@height=\dimen158
\Gin@req@width=\dimen159
) (/usr/local/texlive/2023basic/texmf-dist/tex/latex/cancel/cancel.sty
Package: cancel 2013/04/12 v2.2 Cancel math terms
) (/usr/local/texlive/2023basic/texmf-dist/tex/latex/titlesec/titlesec.sty
Package: titlesec 2023/10/27 v2.16 Sectioning titles
\ttl@box=\box53
\beforetitleunit=\skip62
\aftertitleunit=\skip63
\ttl@plus=\dimen160
\ttl@minus=\dimen161
\ttl@toksa=\toks23
\titlewidth=\dimen162
\titlewidthlast=\dimen163
\titlewidthfirst=\dimen164
) (/usr/local/texlive/2023basic/texmf-dist/tex/latex/titling/titling.sty
Package: titling 2009/09/04 v2.1d maketitle typesetting
\thanksmarkwidth=\skip64
\thanksmargin=\skip65
\droptitle=\skip66
) (/usr/local/texlive/2023basic/texmf-dist/tex/latex/hyperref/hyperref.sty
Package: hyperref 2023-02-07 v7.00v Hypertext links for LaTeX
 (/usr/local/texlive/2023basic/texmf-dist/tex/generic/ltxcmds/ltxcmds.sty
Package: ltxcmds 2020-05-10 v1.25 LaTeX kernel commands for general use (HO)
) (/usr/local/texlive/2023basic/texmf-dist/tex/generic/pdftexcmds/pdftexcmds.sty
Package: pdftexcmds 2020-06-27 v0.33 Utility functions of pdfTeX for LuaTeX (HO)
 (/usr/local/texlive/2023basic/texmf-dist/tex/generic/infwarerr/infwarerr.sty
Package: infwarerr 2019/12/03 v1.5 Providing info/warning/error messages (HO)
)
Package pdftexcmds Info: \pdf@primitive is available.
Package pdftexcmds Info: \pdf@ifprimitive is available.
Package pdftexcmds Info: \pdfdraftmode found.
) (/usr/local/texlive/2023basic/texmf-dist/tex/latex/kvsetkeys/kvsetkeys.sty
Package: kvsetkeys 2022-10-05 v1.19 Key value parser (HO)
) (/usr/local/texlive/2023basic/texmf-dist/tex/generic/kvdefinekeys/kvdefinekeys.sty
Package: kvdefinekeys 2019-12-19 v1.6 Define keys (HO)
) (/usr/local/texlive/2023basic/texmf-dist/tex/generic/pdfescape/pdfescape.sty
Package: pdfescape 2019/12/09 v1.15 Implements pdfTeX's escape features (HO)
) (/usr/local/texlive/2023basic/texmf-dist/tex/latex/hycolor/hycolor.sty
Package: hycolor 2020-01-27 v1.10 Color options for hyperref/bookmark (HO)
) (/usr/local/texlive/2023basic/texmf-dist/tex/latex/letltxmacro/letltxmacro.sty
Package: letltxmacro 2019/12/03 v1.6 Let assignment for LaTeX macros (HO)
) (/usr/local/texlive/2023basic/texmf-dist/tex/latex/auxhook/auxhook.sty
Package: auxhook 2019-12-17 v1.6 Hooks for auxiliary files (HO)
) (/usr/local/texlive/2023basic/texmf-dist/tex/latex/hyperref/nameref.sty
Package: nameref 2022-05-17 v2.50 Cross-referencing by name of section
 (/usr/local/texlive/2023basic/texmf-dist/tex/latex/refcount/refcount.sty
Package: refcount 2019/12/15 v3.6 Data extraction from label references (HO)
) (/usr/local/texlive/2023basic/texmf-dist/tex/generic/gettitlestring/gettitlestring.sty
Package: gettitlestring 2019/12/15 v1.6 Cleanup title references (HO)
 (/usr/local/texlive/2023basic/texmf-dist/tex/latex/kvoptions/kvoptions.sty
Package: kvoptions 2022-06-15 v3.15 Key value format for package options (HO)
))
\c@section@level=\count274
)
\@linkdim=\dimen165
\Hy@linkcounter=\count275
\Hy@pagecounter=\count276
 (/usr/local/texlive/2023basic/texmf-dist/tex/latex/hyperref/pd1enc.def
File: pd1enc.def 2023-02-07 v7.00v Hyperref: PDFDocEncoding definition (HO)
Now handling font encoding PD1 ...
... no UTF-8 mapping file for font encoding PD1
) (/usr/local/texlive/2023basic/texmf-dist/tex/generic/intcalc/intcalc.sty
Package: intcalc 2019/12/15 v1.3 Expandable calculations with integers (HO)
) (/usr/local/texlive/2023basic/texmf-dist/tex/generic/etexcmds/etexcmds.sty
Package: etexcmds 2019/12/15 v1.7 Avoid name clashes with e-TeX commands (HO)
)
\Hy@SavedSpaceFactor=\count277
 (/usr/local/texlive/2023basic/texmf-dist/tex/latex/hyperref/puenc.def
File: puenc.def 2023-02-07 v7.00v Hyperref: PDF Unicode definition (HO)
Now handling font encoding PU ...
... no UTF-8 mapping file for font encoding PU
)
Package hyperref Info: Hyper figures OFF on input line 4177.
Package hyperref Info: Link nesting OFF on input line 4182.
Package hyperref Info: Hyper index ON on input line 4185.
Package hyperref Info: Plain pages OFF on input line 4192.
Package hyperref Info: Backreferencing OFF on input line 4197.
Package hyperref Info: Implicit mode ON; LaTeX internals redefined.
Package hyperref Info: Bookmarks ON on input line 4425.
\c@Hy@tempcnt=\count278
 (/usr/local/texlive/2023basic/texmf-dist/tex/latex/url/url.sty
\Urlmuskip=\muskip17
Package: url 2013/09/16  ver 3.4  Verb mode for urls, etc.
)
LaTeX Info: Redefining \url on input line 4763.
\XeTeXLinkMargin=\dimen166
 (/usr/local/texlive/2023basic/texmf-dist/tex/generic/bitset/bitset.sty
Package: bitset 2019/12/09 v1.3 Handle bit-vector datatype (HO)
 (/usr/local/texlive/2023basic/texmf-dist/tex/generic/bigintcalc/bigintcalc.sty
Package: bigintcalc 2019/12/15 v1.5 Expandable calculations on big integers (HO)
))
\Fld@menulength=\count279
\Field@Width=\dimen167
\Fld@charsize=\dimen168
Package hyperref Info: Hyper figures OFF on input line 6042.
Package hyperref Info: Link nesting OFF on input line 6047.
Package hyperref Info: Hyper index ON on input line 6050.
Package hyperref Info: backreferencing OFF on input line 6057.
Package hyperref Info: Link coloring OFF on input line 6062.
Package hyperref Info: Link coloring with OCG OFF on input line 6067.
Package hyperref Info: PDF/A mode OFF on input line 6072.
 (/usr/local/texlive/2023basic/texmf-dist/tex/latex/base/atbegshi-ltx.sty
Package: atbegshi-ltx 2021/01/10 v1.0c Emulation of the original atbegshi
package with kernel methods
)
\Hy@abspage=\count280
\c@Item=\count281
\c@Hfootnote=\count282
)
Package hyperref Info: Driver (autodetected): hpdftex.
 (/usr/local/texlive/2023basic/texmf-dist/tex/latex/hyperref/hpdftex.def
File: hpdftex.def 2023-02-07 v7.00v Hyperref driver for pdfTeX
 (/usr/local/texlive/2023basic/texmf-dist/tex/latex/base/atveryend-ltx.sty
Package: atveryend-ltx 2020/08/19 v1.0a Emulation of the original atveryend package
with kernel methods
)
\Fld@listcount=\count283
\c@bookmark@seq@number=\count284
 (/usr/local/texlive/2023basic/texmf-dist/tex/latex/rerunfilecheck/rerunfilecheck.sty
Package: rerunfilecheck 2022-07-10 v1.10 Rerun checks for auxiliary files (HO)
 (/usr/local/texlive/2023basic/texmf-dist/tex/generic/uniquecounter/uniquecounter.sty
Package: uniquecounter 2019/12/15 v1.4 Provide unlimited unique counter (HO)
)
Package uniquecounter Info: New unique counter `rerunfilecheck' on input line 285.
)
\Hy@SectionHShift=\skip67
) (/usr/local/texlive/2023basic/texmf-dist/tex/latex/cjk/texinput/CJKutf8.sty
Package: CJKutf8 2021/10/16 4.8.5
 (/usr/local/texlive/2023basic/texmf-dist/tex/generic/iftex/ifpdf.sty
Package: ifpdf 2019/10/25 v3.4 ifpdf legacy package. Use iftex instead.
) (/usr/local/texlive/2023basic/texmf-dist/tex/latex/base/inputenc.sty
Package: inputenc 2021/02/14 v1.3d Input encoding file
\inpenc@prehook=\toks24
\inpenc@posthook=\toks25
) (/usr/local/texlive/2023basic/texmf-dist/tex/latex/cjk/texinput/CJK.sty
Package: CJK 2021/10/16 4.8.5
 (/usr/local/texlive/2023basic/texmf-dist/tex/latex/cjk/texinput/mule/MULEenc.sty
Package: MULEenc 2021/10/16 4.8.5
) (/usr/local/texlive/2023basic/texmf-dist/tex/latex/cjk/texinput/CJK.enc
File: CJK.enc 2021/10/16 4.8.5
Now handling font encoding C00 ...
... no UTF-8 mapping file for font encoding C00
Now handling font encoding C05 ...
... no UTF-8 mapping file for font encoding C05
Now handling font encoding C09 ...
... no UTF-8 mapping file for font encoding C09
Now handling font encoding C10 ...
... no UTF-8 mapping file for font encoding C10
Now handling font encoding C20 ...
... no UTF-8 mapping file for font encoding C20
Now handling font encoding C19 ...
... no UTF-8 mapping file for font encoding C19
Now handling font encoding C40 ...
... no UTF-8 mapping file for font encoding C40
Now handling font encoding C42 ...
... no UTF-8 mapping file for font encoding C42
Now handling font encoding C43 ...
... no UTF-8 mapping file for font encoding C43
Now handling font encoding C50 ...
... no UTF-8 mapping file for font encoding C50
Now handling font encoding C52 ...
... no UTF-8 mapping file for font encoding C52
Now handling font encoding C49 ...
... no UTF-8 mapping file for font encoding C49
Now handling font encoding C60 ...
... no UTF-8 mapping file for font encoding C60
Now handling font encoding C61 ...
... no UTF-8 mapping file for font encoding C61
Now handling font encoding C63 ...
... no UTF-8 mapping file for font encoding C63
Now handling font encoding C64 ...
... no UTF-8 mapping file for font encoding C64
Now handling font encoding C65 ...
... no UTF-8 mapping file for font encoding C65
Now handling font encoding C70 ...
... no UTF-8 mapping file for font encoding C70
Now handling font encoding C31 ...
... no UTF-8 mapping file for font encoding C31
Now handling font encoding C32 ...
... no UTF-8 mapping file for font encoding C32
Now handling font encoding C33 ...
... no UTF-8 mapping file for font encoding C33
Now handling font encoding C34 ...
... no UTF-8 mapping file for font encoding C34
Now handling font encoding C35 ...
... no UTF-8 mapping file for font encoding C35
Now handling font encoding C36 ...
... no UTF-8 mapping file for font encoding C36
Now handling font encoding C37 ...
... no UTF-8 mapping file for font encoding C37
Now handling font encoding C80 ...
... no UTF-8 mapping file for font encoding C80
Now handling font encoding C81 ...
... no UTF-8 mapping file for font encoding C81
Now handling font encoding C01 ...
... no UTF-8 mapping file for font encoding C01
Now handling font encoding C11 ...
... no UTF-8 mapping file for font encoding C11
Now handling font encoding C21 ...
... no UTF-8 mapping file for font encoding C21
Now handling font encoding C41 ...
... no UTF-8 mapping file for font encoding C41
Now handling font encoding C62 ...
... no UTF-8 mapping file for font encoding C62
)
\CJK@indent=\box54
) (/usr/local/texlive/2023basic/texmf-dist/tex/latex/base/fontenc.sty
Package: fontenc 2021/04/29 v2.0v Standard LaTeX package
)) (/usr/local/texlive/2023basic/texmf-dist/tex/latex/abstract/abstract.sty
Package: abstract 2009/06/08 v1.2a configurable abstracts
\abstitleskip=\skip68
\absleftindent=\skip69
\absrightindent=\skip70
\absparindent=\skip71
\absparsep=\skip72
) (/usr/local/texlive/2023basic/texmf-dist/tex/latex/tools/indentfirst.sty
Package: indentfirst 1995/11/23 v1.03 Indent first paragraph (DPC)
) (/usr/local/texlive/2023basic/texmf-dist/tex/latex/enumitem/enumitem.sty
Package: enumitem 2019/06/20 v3.9 Customized lists
\labelindent=\skip73
\enit@outerparindent=\dimen169
\enit@toks=\toks26
\enit@inbox=\box55
\enit@count@id=\count285
\enitdp@description=\count286
) (/usr/local/texlive/2023basic/texmf-dist/tex/latex/multirow/multirow.sty
Package: multirow 2021/03/15 v2.8 Span multiple rows of a table
\multirow@colwidth=\skip74
\multirow@cntb=\count287
\multirow@dima=\skip75
\bigstrutjot=\dimen170
) (/usr/local/texlive/2023basic/texmf-dist/tex/latex/tools/tabularx.sty
Package: tabularx 2020/01/15 v2.11c `tabularx' package (DPC)
 (/usr/local/texlive/2023basic/texmf-dist/tex/latex/tools/array.sty
Package: array 2022/09/04 v2.5g Tabular extension package (FMi)
\col@sep=\dimen171
\ar@mcellbox=\box56
\extrarowheight=\dimen172
\NC@list=\toks27
\extratabsurround=\skip76
\backup@length=\skip77
\ar@cellbox=\box57
)
\TX@col@width=\dimen173
\TX@old@table=\dimen174
\TX@old@col=\dimen175
\TX@target=\dimen176
\TX@delta=\dimen177
\TX@cols=\count288
\TX@ftn=\toks28
) (/usr/local/texlive/2023basic/texmf-dist/tex/latex/setspace/setspace.sty
Package: setspace 2022/12/04 v6.7b set line spacing
) (/usr/local/texlive/2023basic/texmf-dist/tex/latex/float/float.sty
Package: float 2001/11/08 v1.3d Float enhancements (AL)
\c@float@type=\count289
\float@exts=\toks29
\float@box=\box58
\@float@everytoks=\toks30
\@floatcapt=\box59
) (/usr/local/texlive/2023basic/texmf-dist/tex/latex/caption/caption.sty
Package: caption 2023/03/12 v3.6j Customizing captions (AR)
 (/usr/local/texlive/2023basic/texmf-dist/tex/latex/caption/caption3.sty
Package: caption3 2023/03/12 v2.4 caption3 kernel (AR)
\caption@tempdima=\dimen178
\captionmargin=\dimen179
\caption@leftmargin=\dimen180
\caption@rightmargin=\dimen181
\caption@width=\dimen182
\caption@indent=\dimen183
\caption@parindent=\dimen184
\caption@hangindent=\dimen185
Package caption Info: Standard document class detected.
)
\c@caption@flags=\count290
\c@continuedfloat=\count291
Package caption Info: float package is loaded.
Package caption Info: hyperref package is loaded.
) (/usr/local/texlive/2023basic/texmf-dist/tex/latex/l3backend/l3backend-pdftex.def
File: l3backend-pdftex.def 2023-01-16 L3 backend support: PDF output (pdfTeX)
\l__color_backend_stack_int=\count292
\l__pdf_internal_box=\box60
) (./article.aux)
\openout1 = `article.aux'.

LaTeX Font Info:    Checking defaults for OML/cmm/m/it on input line 47.
LaTeX Font Info:    ... okay on input line 47.
LaTeX Font Info:    Checking defaults for OMS/cmsy/m/n on input line 47.
LaTeX Font Info:    ... okay on input line 47.
LaTeX Font Info:    Checking defaults for OT1/cmr/m/n on input line 47.
LaTeX Font Info:    ... okay on input line 47.
LaTeX Font Info:    Checking defaults for T1/cmr/m/n on input line 47.
LaTeX Font Info:    ... okay on input line 47.
LaTeX Font Info:    Checking defaults for TS1/cmr/m/n on input line 47.
LaTeX Font Info:    ... okay on input line 47.
LaTeX Font Info:    Checking defaults for OMX/cmex/m/n on input line 47.
LaTeX Font Info:    ... okay on input line 47.
LaTeX Font Info:    Checking defaults for U/cmr/m/n on input line 47.
LaTeX Font Info:    ... okay on input line 47.
LaTeX Font Info:    Checking defaults for PD1/pdf/m/n on input line 47.
LaTeX Font Info:    ... okay on input line 47.
LaTeX Font Info:    Checking defaults for PU/pdf/m/n on input line 47.
LaTeX Font Info:    ... okay on input line 47.
LaTeX Font Info:    Checking defaults for C00/song/m/n on input line 47.
LaTeX Font Info:    ... okay on input line 47.
LaTeX Font Info:    Checking defaults for C05/song/m/n on input line 47.
LaTeX Font Info:    ... okay on input line 47.
LaTeX Font Info:    Checking defaults for C09/song/m/n on input line 47.
LaTeX Font Info:    ... okay on input line 47.
LaTeX Font Info:    Checking defaults for C10/song/m/n on input line 47.
LaTeX Font Info:    ... okay on input line 47.
LaTeX Font Info:    Checking defaults for C20/song/m/n on input line 47.
LaTeX Font Info:    ... okay on input line 47.
LaTeX Font Info:    Checking defaults for C19/song/m/n on input line 47.
LaTeX Font Info:    ... okay on input line 47.
LaTeX Font Info:    Checking defaults for C40/song/m/n on input line 47.
LaTeX Font Info:    ... okay on input line 47.
LaTeX Font Info:    Checking defaults for C42/song/m/n on input line 47.
LaTeX Font Info:    ... okay on input line 47.
LaTeX Font Info:    Checking defaults for C43/song/m/n on input line 47.
LaTeX Font Info:    ... okay on input line 47.
LaTeX Font Info:    Checking defaults for C50/song/m/n on input line 47.
LaTeX Font Info:    ... okay on input line 47.
LaTeX Font Info:    Checking defaults for C52/song/m/n on input line 47.
LaTeX Font Info:    ... okay on input line 47.
LaTeX Font Info:    Checking defaults for C49/song/m/n on input line 47.
LaTeX Font Info:    ... okay on input line 47.
LaTeX Font Info:    Checking defaults for C60/mj/m/n on input line 47.
LaTeX Font Info:    ... okay on input line 47.
LaTeX Font Info:    Checking defaults for C61/mj/m/n on input line 47.
LaTeX Font Info:    ... okay on input line 47.
LaTeX Font Info:    Checking defaults for C63/mj/m/n on input line 47.
LaTeX Font Info:    ... okay on input line 47.
LaTeX Font Info:    Checking defaults for C64/mj/m/n on input line 47.
LaTeX Font Info:    ... okay on input line 47.
LaTeX Font Info:    Checking defaults for C65/mj/m/n on input line 47.
LaTeX Font Info:    ... okay on input line 47.
LaTeX Font Info:    Checking defaults for C70/song/m/n on input line 47.
LaTeX Font Info:    ... okay on input line 47.
LaTeX Font Info:    Checking defaults for C31/song/m/n on input line 47.
LaTeX Font Info:    ... okay on input line 47.
LaTeX Font Info:    Checking defaults for C32/song/m/n on input line 47.
LaTeX Font Info:    ... okay on input line 47.
LaTeX Font Info:    Checking defaults for C33/song/m/n on input line 47.
LaTeX Font Info:    ... okay on input line 47.
LaTeX Font Info:    Checking defaults for C34/song/m/n on input line 47.
LaTeX Font Info:    ... okay on input line 47.
LaTeX Font Info:    Checking defaults for C35/song/m/n on input line 47.
LaTeX Font Info:    ... okay on input line 47.
LaTeX Font Info:    Checking defaults for C36/song/m/n on input line 47.
LaTeX Font Info:    ... okay on input line 47.
LaTeX Font Info:    Checking defaults for C37/song/m/n on input line 47.
LaTeX Font Info:    ... okay on input line 47.
LaTeX Font Info:    Checking defaults for C80/song/m/n on input line 47.
LaTeX Font Info:    ... okay on input line 47.
LaTeX Font Info:    Checking defaults for C81/song/m/n on input line 47.
LaTeX Font Info:    ... okay on input line 47.
LaTeX Font Info:    Checking defaults for C01/song/m/n on input line 47.
LaTeX Font Info:    ... okay on input line 47.
LaTeX Font Info:    Checking defaults for C11/song/m/n on input line 47.
LaTeX Font Info:    ... okay on input line 47.
LaTeX Font Info:    Checking defaults for C21/song/m/n on input line 47.
LaTeX Font Info:    ... okay on input line 47.
LaTeX Font Info:    Checking defaults for C41/song/m/n on input line 47.
LaTeX Font Info:    ... okay on input line 47.
LaTeX Font Info:    Checking defaults for C62/song/m/n on input line 47.
LaTeX Font Info:    ... okay on input line 47.

*geometry* driver: auto-detecting
*geometry* detected driver: pdftex
*geometry* verbose mode - [ preamble ] result:
* driver: pdftex
* paper: a4paper
* layout: <same size as paper>
* layoutoffset:(h,v)=(0.0pt,0.0pt)
* modes: 
* h-part:(L,W,R)=(72.26999pt, 452.9679pt, 72.26999pt)
* v-part:(T,H,B)=(72.26999pt, 700.50687pt, 72.26999pt)
* \paperwidth=597.50787pt
* \paperheight=845.04684pt
* \textwidth=452.9679pt
* \textheight=700.50687pt
* \oddsidemargin=0.0pt
* \evensidemargin=0.0pt
* \topmargin=-39.57172pt
* \headheight=14.57172pt
* \headsep=25.0pt
* \topskip=12.0pt
* \footskip=30.0pt
* \marginparwidth=35.0pt
* \marginparsep=10.0pt
* \columnsep=10.0pt
* \skip\footins=10.8pt plus 4.0pt minus 2.0pt
* \hoffset=0.0pt
* \voffset=0.0pt
* \mag=1000
* \@twocolumnfalse
* \@twosidefalse
* \@mparswitchfalse
* \@reversemarginfalse
* (1in=72.27pt=25.4mm, 1cm=28.453pt)

(/usr/local/texlive/2023basic/texmf-dist/tex/context/base/mkii/supp-pdf.mkii
[Loading MPS to PDF converter (version 2006.09.02).]
\scratchcounter=\count293
\scratchdimen=\dimen186
\scratchbox=\box61
\nofMPsegments=\count294
\nofMParguments=\count295
\everyMPshowfont=\toks31
\MPscratchCnt=\count296
\MPscratchDim=\dimen187
\MPnumerator=\count297
\makeMPintoPDFobject=\count298
\everyMPtoPDFconversion=\toks32
) (/usr/local/texlive/2023basic/texmf-dist/tex/latex/epstopdf-pkg/epstopdf-base.sty
Package: epstopdf-base 2020-01-24 v2.11 Base part for package epstopdf
Package epstopdf-base Info: Redefining graphics rule for `.eps' on input line 485.
 (/usr/local/texlive/2023basic/texmf-dist/tex/latex/latexconfig/epstopdf-sys.cfg
File: epstopdf-sys.cfg 2010/07/13 v1.3 Configuration of (r)epstopdf for TeX Live
))
Package hyperref Info: Link coloring OFF on input line 47.
 (./article.out) (./article.out)
\@outlinefile=\write3
\openout3 = `article.out'.

Package caption Info: Begin \AtBeginDocument code.
Package caption Info: End \AtBeginDocument code.
 (/usr/local/texlive/2023basic/texmf-dist/tex/latex/cjk/texinput/UTF8/UTF8.bdg
File: UTF8.bdg 2021/10/16 4.8.5
) (/usr/local/texlive/2023basic/texmf-dist/tex/latex/cjk/texinput/UTF8/UTF8.enc
File: UTF8.enc 2021/10/16 4.8.5
) (/usr/local/texlive/2023basic/texmf-dist/tex/latex/cjk/texinput/UTF8/UTF8.chr
File: UTF8.chr 2021/10/16 4.8.5
)
LaTeX Font Info:    Trying to load font information for C70+bkai on input line 61.
 (/usr/local/texlive/2023basic/texmf-dist/tex/latex/cjk/texinput/UTF8/c70bkai.fd
File: c70bkai.fd 2021/10/16 4.8.5
) (/usr/local/texlive/2023basic/texmf-dist/tex/latex/cjk/texinput/UTF8/c70bkai.fdx
File: c70bkai.fdx 2021/10/16 4.8.5
)
LaTeX Font Info:    Trying to load font information for U+msa on input line 61.
 (/usr/local/texlive/2023basic/texmf-dist/tex/latex/amsfonts/umsa.fd
File: umsa.fd 2013/01/14 v3.01 AMS symbols A
)
LaTeX Font Info:    Trying to load font information for U+msb on input line 61.
 (/usr/local/texlive/2023basic/texmf-dist/tex/latex/amsfonts/umsb.fd
File: umsb.fd 2013/01/14 v3.01 AMS symbols B
) [1

{/usr/local/texlive/2023basic/texmf-var/fonts/map/pdftex/updmap/pdftex.map}] [1] (./article.toc)
\tf@toc=\write4
\openout4 = `article.toc'.

 [2]
<./images/course_cad_draft1.png, id=210, 907.39pt x 426.59375pt>
File: ./images/course_cad_draft1.png Graphic file (type png)
<use ./images/course_cad_draft1.png>
Package pdftex.def Info: ./images/course_cad_draft1.png  used on input line 84.
(pdftex.def)             Requested size: 317.07614pt x 149.0692pt.
<./images/course_cad_draft2.png, id=212, 900.36375pt x 436.63126pt>
File: ./images/course_cad_draft2.png Graphic file (type png)
<use ./images/course_cad_draft2.png>
Package pdftex.def Info: ./images/course_cad_draft2.png  used on input line 85.
(pdftex.def)             Requested size: 317.07614pt x 153.76263pt.
<./images/fidget_spinnner.png, id=214, 532.99126pt x 396.48125pt>
File: ./images/fidget_spinnner.png Graphic file (type png)
<use ./images/fidget_spinnner.png>
Package pdftex.def Info: ./images/fidget_spinnner.png  used on input line 91.
(pdftex.def)             Requested size: 181.18439pt x 134.77763pt.

pdfTeX warning (ext4): destination with the same identifier (name{page.1}) has been already used, duplicate ignored
<to be read again> 
                   \relax 
l.96     \newpage
                  [1 <./images/course_cad_draft1.png> <./images/course_cad_draft2.png> <./images/fidget_spinnner.png>]
<./images/darlington_1.png, id=252, 435.6275pt x 251.94125pt>
File: ./images/darlington_1.png Graphic file (type png)
<use ./images/darlington_1.png>
Package pdftex.def Info: ./images/darlington_1.png  used on input line 121.
(pdftex.def)             Requested size: 203.83417pt x 117.88573pt.
<./images/darlington_2.png, id=253, 433.62pt x 249.93375pt>
File: ./images/darlington_2.png Graphic file (type png)
<use ./images/darlington_2.png>
Package pdftex.def Info: ./images/darlington_2.png  used on input line 122.
(pdftex.def)             Requested size: 203.83417pt x 117.48795pt.


LaTeX Warning: `h' float specifier changed to `ht'.

[2] [3 <./images/darlington_1.png> <./images/darlington_2.png>] [4] [5] [6] [7]
<./images/cookie_draft.png, id=361, 296.10625pt x 280.04625pt>
File: ./images/cookie_draft.png Graphic file (type png)
<use ./images/cookie_draft.png>
Package pdftex.def Info: ./images/cookie_draft.png  used on input line 308.
(pdftex.def)             Requested size: 148.1386pt x 140.09923pt.
<./images/filling_draft.png, id=362, 293.095pt x 263.98625pt>
File: ./images/filling_draft.png Graphic file (type png)
<use ./images/filling_draft.png>
Package pdftex.def Info: ./images/filling_draft.png  used on input line 309.
(pdftex.def)             Requested size: 155.54532pt x 140.09923pt.
<./images/cookie_3d.png, id=363, 287.0725pt x 237.88875pt>
File: ./images/cookie_3d.png Graphic file (type png)
<use ./images/cookie_3d.png>
Package pdftex.def Info: ./images/cookie_3d.png  used on input line 314.
(pdftex.def)             Requested size: 169.07344pt x 140.09923pt.
<./images/filling_3d.png, id=364, 294.09875pt x 241.90375pt>
File: ./images/filling_3d.png Graphic file (type png)
<use ./images/filling_3d.png>
Package pdftex.def Info: ./images/filling_3d.png  used on input line 315.
(pdftex.def)             Requested size: 170.33505pt x 140.09923pt.
<./images/stator_draft_1.png, id=365, 321.2pt x 299.1175pt>
File: ./images/stator_draft_1.png Graphic file (type png)
<use ./images/stator_draft_1.png>
Package pdftex.def Info: ./images/stator_draft_1.png  used on input line 320.
(pdftex.def)             Requested size: 150.4445pt x 140.09923pt.
<./images/stator_draft_2.png, id=366, 327.2225pt x 370.38374pt>
File: ./images/stator_draft_2.png Graphic file (type png)
<use ./images/stator_draft_2.png>
Package pdftex.def Info: ./images/stator_draft_2.png  used on input line 321.
(pdftex.def)             Requested size: 123.77164pt x 140.09923pt.
<./images/hall_frame_draft.png, id=367, 327.2225pt x 280.04625pt>
File: ./images/hall_frame_draft.png Graphic file (type png)
<use ./images/hall_frame_draft.png>
Package pdftex.def Info: ./images/hall_frame_draft.png  used on input line 322.
(pdftex.def)             Requested size: 163.7057pt x 140.09923pt.
 [8 <./images/cookie_draft.png> <./images/filling_draft.png> <./images/cookie_3d.png> <./images/filling_3d.png> <./images/stator_draft_1.png> <./images/stator_draft_2.png> <./images/hall_frame_draft.png>]
<./images/rotor_3d.png, id=383, 329.23pt x 311.1625pt>
File: ./images/rotor_3d.png Graphic file (type png)
<use ./images/rotor_3d.png>
Package pdftex.def Info: ./images/rotor_3d.png  used on input line 329.
(pdftex.def)             Requested size: 133.40775pt x 126.08609pt.
<./images/stator_3d.png, id=384, 321.2pt x 296.10625pt>
File: ./images/stator_3d.png Graphic file (type png)
<use ./images/stator_3d.png>
Package pdftex.def Info: ./images/stator_3d.png  used on input line 330.
(pdftex.def)             Requested size: 136.7704pt x 126.08609pt.
<./images/hall_frame_3d.png, id=385, 266.9975pt x 252.945pt>
File: ./images/hall_frame_3d.png Graphic file (type png)
<use ./images/hall_frame_3d.png>
Package pdftex.def Info: ./images/hall_frame_3d.png  used on input line 331.
(pdftex.def)             Requested size: 133.091pt x 126.08609pt.
<./images/all_3d.png, id=386, 414.54875pt x 283.0575pt>
File: ./images/all_3d.png Graphic file (type png)
<use ./images/all_3d.png>
Package pdftex.def Info: ./images/all_3d.png  used on input line 336.
(pdftex.def)             Requested size: 226.48395pt x 154.64551pt.
<./images/circuit_draft.png, id=387, 665.48625pt x 380.42125pt>
File: ./images/circuit_draft.png Graphic file (type png)
<use ./images/circuit_draft.png>
Package pdftex.def Info: ./images/circuit_draft.png  used on input line 346.
(pdftex.def)             Requested size: 317.07614pt x 181.2534pt.
 [9 <./images/rotor_3d.png> <./images/stator_3d.png> <./images/hall_frame_3d.png> <./images/all_3d.png> <./images/circuit_draft.png>]
<./images/circuit_digital.png, id=402, 624.3325pt x 596.2275pt>
File: ./images/circuit_digital.png Graphic file (type png)
<use ./images/circuit_digital.png>
Package pdftex.def Info: ./images/circuit_digital.png  used on input line 353.
(pdftex.def)             Requested size: 183.37627pt x 175.12671pt.
<./images/circuit_real.png, id=403, 485.815pt x 376.40625pt>
File: ./images/circuit_real.png Graphic file (type png)
<use ./images/circuit_real.png>
Package pdftex.def Info: ./images/circuit_real.png  used on input line 354.
(pdftex.def)             Requested size: 226.03506pt x 175.12671pt.
 [10 <./images/circuit_digital.png> <./images/circuit_real.png>]
<./images/finish1.png, id=417, 496.85625pt x 441.65pt>
File: ./images/finish1.png Graphic file (type png)
<use ./images/finish1.png>
Package pdftex.def Info: ./images/finish1.png  used on input line 382.
(pdftex.def)             Requested size: 157.60985pt x 140.09923pt.
<./images/finish2.png, id=418, 503.8825pt x 414.54875pt>
File: ./images/finish2.png Graphic file (type png)
<use ./images/finish2.png>
Package pdftex.def Info: ./images/finish2.png  used on input line 383.
(pdftex.def)             Requested size: 170.2875pt x 140.09923pt.
<./images/finish3.png, id=419, 453.695pt x 443.6575pt>
File: ./images/finish3.png Graphic file (type png)
<use ./images/finish3.png>
Package pdftex.def Info: ./images/finish3.png  used on input line 384.
(pdftex.def)             Requested size: 143.26775pt x 140.09923pt.
<./images/demo.png, id=420, 893.3375pt x 603.25375pt>
File: ./images/demo.png Graphic file (type png)
<use ./images/demo.png>
Package pdftex.def Info: ./images/demo.png  used on input line 385.
(pdftex.def)             Requested size: 207.46709pt x 140.09923pt.
 [11 <./images/finish1.png> <./images/finish2.png> <./images/finish3.png> <./images/demo.png>] [12] (./article.bbl
Underfull \hbox (badness 10000) in paragraph at lines 14--17
\OT1/cmtt/m/n/12 tw / emotor / worklog / EMTRC / motor _ learn / elearning / motor / 1 / lecture _ 1 . 4 . pdf$[]\OT1/cmr/m/n/12 ,
 []


Underfull \hbox (badness 10000) in paragraph at lines 24--27
[]\OT1/cmr/m/n/12 Components101.  Fun-da-men-tals of mos-fets and
 []


Underfull \hbox (badness 10000) in paragraph at lines 24--27
\OT1/cmr/m/n/12 their work-ing.  []$\OT1/cmtt/m/n/12 https : / / components101 . com / articles /
 []


Underfull \hbox (badness 10000) in paragraph at lines 29--32
[]\OT1/cmr/m/n/12 D. Bod-nar.  Fid-get spin-ner mo-tors.  []$\OT1/cmtt/m/n/12 http : / / trainelectronics . com /
 []

) [13] (./article.aux)
Package rerunfilecheck Info: File `article.out' has not changed.
(rerunfilecheck)             Checksum: B01D62E8A782315A798907BE94238391;1745.
 ) 
Here is how much of TeX's memory you used:
 16126 strings out of 477476
 254037 string characters out of 5824245
 1892388 words of memory out of 5000000
 35770 multiletter control sequences out of 15000+600000
 561628 words of font info for 207 fonts, out of 8000000 for 9000
 319 hyphenation exceptions out of 8191
 75i,11n,76p,763b,1757s stack positions out of 10000i,1000n,20000p,200000b,200000s
</usr/local/texlive/2023basic/texmf-dist/fonts/type1/arphic/bkaiu/bkaiu03.pfb></usr/local/texlive/2023basic/texmf-dist/fonts/type1/arphic/bkaiu/bkaiu30.pfb></usr/local/texlive/2023basic/texmf-dist/fonts/type1/arphic/bkaiu/bkaiu4e.pfb></usr/local/texlive/2023basic/texmf-dist/fonts/type1/arphic/bkaiu/bkaiu4f.pfb></usr/local/texlive/2023basic/texmf-dist/fonts/type1/arphic/bkaiu/bkaiu50.pfb></usr/local/texlive/2023basic/texmf-dist/fonts/type1/arphic/bkaiu/bkaiu51.pfb></usr/local/texlive/2023basic/texmf-dist/fonts/type1/arphic/bkaiu/bkaiu52.pfb></usr/local/texlive/2023basic/texmf-dist/fonts/type1/arphic/bkaiu/bkaiu53.pfb></usr/local/texlive/2023basic/texmf-dist/fonts/type1/arphic/bkaiu/bkaiu54.pfb></usr/local/texlive/2023basic/texmf-dist/fonts/type1/arphic/bkaiu/bkaiu55.pfb></usr/local/texlive/2023basic/texmf-dist/fonts/type1/arphic/bkaiu/bkaiu56.pfb></usr/local/texlive/2023basic/texmf-dist/fonts/type1/arphic/bkaiu/bkaiu57.pfb></usr/local/texlive/2023basic/texmf-dist/fonts/type1/arphic/bkaiu/bkaiu58.pfb></usr/local/texlive/2023basic/texmf-dist/fonts/type1/arphic/bkaiu/bkaiu59.pfb></usr/local/texlive/2023basic/texmf-dist/fonts/type1/arphic/bkaiu/bkaiu5b.pfb></usr/local/texlive/2023basic/texmf-dist/fonts/type1/arphic/bkaiu/bkaiu5c.pfb></usr/local/texlive/2023basic/texmf-dist/fonts/type1/arphic/bkaiu/bkaiu5d.pfb></usr/local/texlive/2023basic/texmf-dist/fonts/type1/arphic/bkaiu/bkaiu5e.pfb></usr/local/texlive/2023basic/texmf-dist/fonts/type1/arphic/bkaiu/bkaiu5f.pfb></usr/local/texlive/2023basic/texmf-dist/fonts/type1/arphic/bkaiu/bkaiu60.pfb></usr/local/texlive/2023basic/texmf-dist/fonts/type1/arphic/bkaiu/bkaiu61.pfb></usr/local/texlive/2023basic/texmf-dist/fonts/type1/arphic/bkaiu/bkaiu62.pfb></usr/local/texlive/2023basic/texmf-dist/fonts/type1/arphic/bkaiu/bkaiu63.pfb></usr/local/texlive/2023basic/texmf-dist/fonts/type1/arphic/bkaiu/bkaiu64.pfb></usr/local/texlive/2023basic/texmf-dist/fonts/type1/arphic/bkaiu/bkaiu65.pfb></usr/local/texlive/2023basic/texmf-dist/fonts/type1/arphic/bkaiu/bkaiu66.pfb></usr/local/texlive/2023basic/texmf-dist/fonts/type1/arphic/bkaiu/bkaiu67.pfb></usr/local/texlive/2023basic/texmf-dist/fonts/type1/arphic/bkaiu/bkaiu68.pfb></usr/local/texlive/2023basic/texmf-dist/fonts/type1/arphic/bkaiu/bkaiu69.pfb></usr/local/texlive/2023basic/texmf-dist/fonts/type1/arphic/bkaiu/bkaiu6a.pfb></usr/local/texlive/2023basic/texmf-dist/fonts/type1/arphic/bkaiu/bkaiu6b.pfb></usr/local/texlive/2023basic/texmf-dist/fonts/type1/arphic/bkaiu/bkaiu6c.pfb></usr/local/texlive/2023basic/texmf-dist/fonts/type1/arphic/bkaiu/bkaiu6d.pfb></usr/local/texlive/2023basic/texmf-dist/fonts/type1/arphic/bkaiu/bkaiu6e.pfb></usr/local/texlive/2023basic/texmf-dist/fonts/type1/arphic/bkaiu/bkaiu6f.pfb></usr/local/texlive/2023basic/texmf-dist/fonts/type1/arphic/bkaiu/bkaiu70.pfb></usr/local/texlive/2023basic/texmf-dist/fonts/type1/arphic/bkaiu/bkaiu71.pfb></usr/local/texlive/2023basic/texmf-dist/fonts/type1/arphic/bkaiu/bkaiu72.pfb></usr/local/texlive/2023basic/texmf-dist/fonts/type1/arphic/bkaiu/bkaiu73.pfb></usr/local/texlive/2023basic/texmf-dist/fonts/type1/arphic/bkaiu/bkaiu74.pfb></usr/local/texlive/2023basic/texmf-dist/fonts/type1/arphic/bkaiu/bkaiu75.pfb></usr/local/texlive/2023basic/texmf-dist/fonts/type1/arphic/bkaiu/bkaiu76.pfb></usr/local/texlive/2023basic/texmf-dist/fonts/type1/arphic/bkaiu/bkaiu77.pfb></usr/local/texlive/2023basic/texmf-dist/fonts/type1/arphic/bkaiu/bkaiu78.pfb></usr/local/texlive/2023basic/texmf-dist/fonts/type1/arphic/bkaiu/bkaiu79.pfb></usr/local/texlive/2023basic/texmf-dist/fonts/type1/arphic/bkaiu/bkaiu7a.pfb></usr/local/texlive/2023basic/texmf-dist/fonts/type1/arphic/bkaiu/bkaiu7b.pfb></usr/local/texlive/2023basic/texmf-dist/fonts/type1/arphic/bkaiu/bkaiu7c.pfb></usr/local/texlive/2023basic/texmf-dist/fonts/type1/arphic/bkaiu/bkaiu7d.pfb></usr/local/texlive/2023basic/texmf-dist/fonts/type1/arphic/bkaiu/bkaiu7e.pfb></usr/local/texlive/2023basic/texmf-dist/fonts/type1/arphic/bkaiu/bkaiu7f.pfb></usr/local/texlive/2023basic/texmf-dist/fonts/type1/arphic/bkaiu/bkaiu80.pfb></usr/local/texlive/2023basic/texmf-dist/fonts/type1/arphic/bkaiu/bkaiu81.pfb></usr/local/texlive/2023basic/texmf-dist/fonts/type1/arphic/bkaiu/bkaiu82.pfb></usr/local/texlive/2023basic/texmf-dist/fonts/type1/arphic/bkaiu/bkaiu83.pfb></usr/local/texlive/2023basic/texmf-dist/fonts/type1/arphic/bkaiu/bkaiu84.pfb></usr/local/texlive/2023basic/texmf-dist/fonts/type1/arphic/bkaiu/bkaiu85.pfb></usr/local/texlive/2023basic/texmf-dist/fonts/type1/arphic/bkaiu/bkaiu86.pfb></usr/local/texlive/2023basic/texmf-dist/fonts/type1/arphic/bkaiu/bkaiu87.pfb></usr/local/texlive/2023basic/texmf-dist/fonts/type1/arphic/bkaiu/bkaiu88.pfb></usr/local/texlive/2023basic/texmf-dist/fonts/type1/arphic/bkaiu/bkaiu89.pfb></usr/local/texlive/2023basic/texmf-dist/fonts/type1/arphic/bkaiu/bkaiu8a.pfb></usr/local/texlive/2023basic/texmf-dist/fonts/type1/arphic/bkaiu/bkaiu8b.pfb></usr/local/texlive/2023basic/texmf-dist/fonts/type1/arphic/bkaiu/bkaiu8c.pfb></usr/local/texlive/2023basic/texmf-dist/fonts/type1/arphic/bkaiu/bkaiu8d.pfb></usr/local/texlive/2023basic/texmf-dist/fonts/type1/arphic/bkaiu/bkaiu8e.pfb></usr/local/texlive/2023basic/texmf-dist/fonts/type1/arphic/bkaiu/bkaiu8f.pfb></usr/local/texlive/2023basic/texmf-dist/fonts/type1/arphic/bkaiu/bkaiu90.pfb></usr/local/texlive/2023basic/texmf-dist/fonts/type1/arphic/bkaiu/bkaiu91.pfb></usr/local/texlive/2023basic/texmf-dist/fonts/type1/arphic/bkaiu/bkaiu92.pfb></usr/local/texlive/2023basic/texmf-dist/fonts/type1/arphic/bkaiu/bkaiu93.pfb></usr/local/texlive/2023basic/texmf-dist/fonts/type1/arphic/bkaiu/bkaiu94.pfb></usr/local/texlive/2023basic/texmf-dist/fonts/type1/arphic/bkaiu/bkaiu95.pfb></usr/local/texlive/2023basic/texmf-dist/fonts/type1/arphic/bkaiu/bkaiu96.pfb></usr/local/texlive/2023basic/texmf-dist/fonts/type1/arphic/bkaiu/bkaiu97.pfb></usr/local/texlive/2023basic/texmf-dist/fonts/type1/arphic/bkaiu/bkaiu98.pfb></usr/local/texlive/2023basic/texmf-dist/fonts/type1/arphic/bkaiu/bkaiu99.pfb></usr/local/texlive/2023basic/texmf-dist/fonts/type1/arphic/bkaiu/bkaiu9a.pfb></usr/local/texlive/2023basic/texmf-dist/fonts/type1/arphic/bkaiu/bkaiu9e.pfb></usr/local/texlive/2023basic/texmf-dist/fonts/type1/arphic/bkaiu/bkaiuff.pfb></usr/local/texlive/2023basic/texmf-dist/fonts/type1/public/amsfonts/cm/cmbx12.pfb></usr/local/texlive/2023basic/texmf-dist/fonts/type1/public/amsfonts/cm/cmr10.pfb></usr/local/texlive/2023basic/texmf-dist/fonts/type1/public/amsfonts/cm/cmr12.pfb></usr/local/texlive/2023basic/texmf-dist/fonts/type1/public/amsfonts/cm/cmr8.pfb></usr/local/texlive/2023basic/texmf-dist/fonts/type1/public/amsfonts/cm/cmtt12.pfb>
Output written on article.pdf (16 pages, 19723761 bytes).
PDF statistics:
 826 PDF objects out of 1000 (max. 8388607)
 505 compressed objects within 6 object streams
 89 named destinations out of 1000 (max. 500000)
 580 words of extra memory for PDF output out of 10000 (max. 10000000)

